2021-10-19 22:12:29.111  INFO 3916 --- [main] SpringBootCoreDataJpaMvcRest1Application : Starting TimesheetSpringBootCoreDataJpaMvcRest1Application on DESKTOP-K8H0JOM with PID 3916 (C:\Users\taieb\Desktop\5sae\projetDevOps\TimesheetProject\target\classes started by taieb in C:\Users\taieb\Desktop\5sae\projetDevOps\TimesheetProject)
2021-10-19 22:12:29.126  INFO 3916 --- [main] SpringBootCoreDataJpaMvcRest1Application : No active profile set, falling back to default profiles: default
2021-10-19 22:12:33.986  INFO 3916 --- [main] .s.d.r.c.RepositoryConfigurationDelegate : Bootstrapping Spring Data repositories in DEFAULT mode.
2021-10-19 22:12:34.283  INFO 3916 --- [main] .s.d.r.c.RepositoryConfigurationDelegate : Finished Spring Data repository scanning in 277ms. Found 6 repository interfaces.
2021-10-19 22:12:35.577  INFO 3916 --- [main] trationDelegate$BeanPostProcessorChecker : Bean 'org.springframework.transaction.annotation.ProxyTransactionManagementConfiguration' of type [org.springframework.transaction.annotation.ProxyTransactionManagementConfiguration$$EnhancerBySpringCGLIB$$2514c3c7] is not eligible for getting processed by all BeanPostProcessors (for example: not eligible for auto-proxying)
2021-10-19 22:12:36.880  INFO 3916 --- [main] o.s.b.w.embedded.tomcat.TomcatWebServer  : Tomcat initialized with port(s): 8081 (http)
2021-10-19 22:12:36.947  INFO 3916 --- [main] o.apache.catalina.core.StandardService   : Starting service [Tomcat]
2021-10-19 22:12:36.948  INFO 3916 --- [main] org.apache.catalina.core.StandardEngine  : Starting Servlet engine: [Apache Tomcat/9.0.17]
2021-10-19 22:12:37.223  INFO 3916 --- [main] o.a.c.c.C.[.[localhost].[/SpringMVC]     : Initializing Spring embedded WebApplicationContext
2021-10-19 22:12:37.223  INFO 3916 --- [main] o.s.web.context.ContextLoader            : Root WebApplicationContext: initialization completed in 7987 ms
2021-10-19 22:12:37.679  INFO 3916 --- [main] com.zaxxer.hikari.HikariDataSource       : HikariPool-1 - Starting...
2021-10-19 22:12:39.018  INFO 3916 --- [main] com.zaxxer.hikari.HikariDataSource       : HikariPool-1 - Start completed.
2021-10-19 22:12:39.119  INFO 3916 --- [main] o.hibernate.jpa.internal.util.LogHelper  : HHH000204: Processing PersistenceUnitInfo [
	name: default
	...]
2021-10-19 22:12:39.442  INFO 3916 --- [main] org.hibernate.Version                    : HHH000412: Hibernate Core {5.3.9.Final}
2021-10-19 22:12:39.447  INFO 3916 --- [main] org.hibernate.cfg.Environment            : HHH000206: hibernate.properties not found
2021-10-19 22:12:39.697  INFO 3916 --- [main] o.hibernate.annotations.common.Version   : HCANN000001: Hibernate Commons Annotations {5.0.4.Final}
2021-10-19 22:12:40.041  INFO 3916 --- [main] org.hibernate.dialect.Dialect            : HHH000400: Using dialect: org.hibernate.dialect.MySQL5Dialect
2021-10-19 22:12:43.426  INFO 3916 --- [main] j.LocalContainerEntityManagerFactoryBean : Initialized JPA EntityManagerFactory for persistence unit 'default'
2021-10-19 22:12:45.334  INFO 3916 --- [main] o.h.h.i.QueryTranslatorFactoryInitiator  : HHH000397: Using ASTQueryTranslatorFactory
2021-10-19 22:12:46.956  INFO 3916 --- [main] o.s.s.concurrent.ThreadPoolTaskExecutor  : Initializing ExecutorService 'applicationTaskExecutor'
2021-10-19 22:12:47.140  WARN 3916 --- [main] aWebConfiguration$JpaWebMvcConfiguration : spring.jpa.open-in-view is enabled by default. Therefore, database queries may be performed during view rendering. Explicitly configure spring.jpa.open-in-view to disable this warning
2021-10-19 22:12:49.164  INFO 3916 --- [main] o.s.b.w.embedded.tomcat.TomcatWebServer  : Tomcat started on port(s): 8081 (http) with context path '/SpringMVC'
2021-10-19 22:12:49.182  INFO 3916 --- [main] SpringBootCoreDataJpaMvcRest1Application : Started TimesheetSpringBootCoreDataJpaMvcRest1Application in 21.054 seconds (JVM running for 28.141)
